<?xml version="1.0" encoding="UTF-8"?>
<!-- Generated by org.testng.reporters.JUnitXMLReporter -->
<testsuite hostname="DESKTOP-OH56QJU" ignored="0" name="AllTest" tests="3" failures="1" timestamp="2023-02-17T19:08:50 IST" time="39.061" errors="0">
  <testcase name="orangeHRMLoginTest" time="1.972" classname="com.orangehrm.testcases.LoginPageTest"/>
  <testcase name="orangeHRMLogoTest" time="0.058" classname="com.orangehrm.testcases.LoginPageTest">
    <failure type="java.lang.AssertionError" message="expected [true] but found [false]">
      <![CDATA[java.lang.AssertionError: expected [true] but found [false]
at com.orangehrm.testcases.LoginPageTest.orangeHRMLogoTest(LoginPageTest.java:21)
at java.util.ArrayList.forEach(ArrayList.java:1257)
... Removed 31 stack frames]]>
    </failure>
  </testcase> <!-- orangeHRMLogoTest -->
  <testcase name="validatePersonalDetails" time="3.468" classname="com.orangehrm.testcases.DashboardPageTest"/>
</testsuite> <!-- AllTest -->
