<?xml version="1.0" encoding="UTF-8"?>
<!-- Generated by org.testng.reporters.JUnitXMLReporter -->
<testsuite hostname="DESKTOP-OH56QJU" ignored="0" name="LoginTest" tests="2" failures="1" timestamp="2023-02-17T14:38:18 IST" time="10.77" errors="0">
  <testcase name="orangeHRMLoginTest" time="0.06" classname="com.orangehrmtest.LoginPageTest">
    <failure type="java.lang.NullPointerException">
      <![CDATA[java.lang.NullPointerException
at com.orangehrmtest.LoginPageTest.orangeHRMLoginTest(LoginPageTest.java:29)
at java.util.concurrent.ThreadPoolExecutor.runWorker(ThreadPoolExecutor.java:1149)
at java.util.concurrent.ThreadPoolExecutor$Worker.run(ThreadPoolExecutor.java:624)
at java.lang.Thread.run(Thread.java:748)
... Removed 12 stack frames]]>
    </failure>
  </testcase> <!-- orangeHRMLoginTest -->
  <testcase name="orangeHRMLogoTest" time="0.0" classname="com.orangehrmtest.LoginPageTest">
    <skipped/>
  </testcase> <!-- orangeHRMLogoTest -->
</testsuite> <!-- LoginTest -->
