<?xml version="1.0" encoding="UTF-8"?>
<!-- Generated by org.testng.reporters.JUnitXMLReporter -->
<testsuite hostname="DESKTOP-OH56QJU" ignored="0" name="Test" tests="3" failures="0" timestamp="2023-02-17T18:50:20 IST" time="29.088" errors="0">
  <testcase name="orangeHRMLoginTest" time="2.329" classname="com.orangehrm.testcases.LoginPageTest"/>
  <testcase name="validatePersonalDetails" time="3.857" classname="com.orangehrm.testcases.DashboardPageTest"/>
  <testcase name="orangeHRMLogoTest" time="0.067" classname="com.orangehrm.testcases.LoginPageTest"/>
</testsuite> <!-- Test -->
