<?xml version="1.0" encoding="UTF-8"?>
<testng-results skipped="0" failed="1" ignored="0" total="3" passed="2">
  <reporter-output>
  </reporter-output>
  <suite name="Default suite" duration-ms="37576" started-at="2023-02-14T19:25:36 IST" finished-at="2023-02-14T19:26:14 IST">
    <groups>
    </groups>
    <test name="Default test" duration-ms="37576" started-at="2023-02-14T19:25:36 IST" finished-at="2023-02-14T19:26:14 IST">
      <class name="extent.ExtentReportDemo">
        <test-method status="PASS" signature="setExtent()[pri:0, instance:extent.ExtentReportDemo@4232c52b]" name="setExtent" is-config="true" duration-ms="142" started-at="2023-02-14T19:25:36 IST" finished-at="2023-02-14T19:25:36 IST">
          <reporter-output>
          </reporter-output>
        </test-method> <!-- setExtent -->
        <test-method status="PASS" signature="setup()[pri:0, instance:extent.ExtentReportDemo@4232c52b]" name="setup" is-config="true" duration-ms="11133" started-at="2023-02-14T19:25:36 IST" finished-at="2023-02-14T19:25:47 IST">
          <reporter-output>
          </reporter-output>
        </test-method> <!-- setup -->
        <test-method status="PASS" signature="orangeHRMLoginTest()[pri:0, instance:extent.ExtentReportDemo@4232c52b]" name="orangeHRMLoginTest" duration-ms="2017" started-at="2023-02-14T19:25:47 IST" finished-at="2023-02-14T19:25:49 IST">
          <reporter-output>
          </reporter-output>
        </test-method> <!-- orangeHRMLoginTest -->
        <test-method status="PASS" signature="result(org.testng.ITestResult)[pri:0, instance:extent.ExtentReportDemo@4232c52b]" name="result" is-config="true" duration-ms="670" started-at="2023-02-14T19:25:49 IST" finished-at="2023-02-14T19:25:50 IST">
          <params>
            <param index="0">
              <value>
                <![CDATA[[TestResult name=orangeHRMLoginTest status=SUCCESS method=ExtentReportDemo.orangeHRMLoginTest()[pri:0, instance:extent.ExtentReportDemo@4232c52b] output={null}]]]>
              </value>
            </param>
          </params>
          <reporter-output>
          </reporter-output>
        </test-method> <!-- result -->
        <test-method status="PASS" signature="setup()[pri:0, instance:extent.ExtentReportDemo@4232c52b]" name="setup" is-config="true" duration-ms="13001" started-at="2023-02-14T19:25:50 IST" finished-at="2023-02-14T19:26:03 IST">
          <reporter-output>
          </reporter-output>
        </test-method> <!-- setup -->
        <test-method status="FAIL" signature="orangeHRMLogoTest()[pri:0, instance:extent.ExtentReportDemo@4232c52b]" name="orangeHRMLogoTest" duration-ms="61" started-at="2023-02-14T19:26:03 IST" finished-at="2023-02-14T19:26:03 IST">
          <exception class="java.lang.AssertionError">
            <message>
              <![CDATA[expected [true] but found [false]]]>
            </message>
            <full-stacktrace>
              <![CDATA[java.lang.AssertionError: expected [true] but found [false]
at org.testng.Assert.fail(Assert.java:97)
at org.testng.Assert.failNotEquals(Assert.java:969)
at org.testng.Assert.assertTrue(Assert.java:43)
at org.testng.Assert.assertTrue(Assert.java:53)
at extent.ExtentReportDemo.orangeHRMLogoTest(ExtentReportDemo.java:47)
at sun.reflect.NativeMethodAccessorImpl.invoke0(Native Method)
at sun.reflect.NativeMethodAccessorImpl.invoke(NativeMethodAccessorImpl.java:62)
at sun.reflect.DelegatingMethodAccessorImpl.invoke(DelegatingMethodAccessorImpl.java:43)
at java.lang.reflect.Method.invoke(Method.java:498)
at org.testng.internal.MethodInvocationHelper.invokeMethod(MethodInvocationHelper.java:134)
at org.testng.internal.TestInvoker.invokeMethod(TestInvoker.java:597)
at org.testng.internal.TestInvoker.invokeTestMethod(TestInvoker.java:173)
at org.testng.internal.MethodRunner.runInSequence(MethodRunner.java:46)
at org.testng.internal.TestInvoker$MethodInvocationAgent.invoke(TestInvoker.java:816)
at org.testng.internal.TestInvoker.invokeTestMethods(TestInvoker.java:146)
at org.testng.internal.TestMethodWorker.invokeTestMethods(TestMethodWorker.java:146)
at org.testng.internal.TestMethodWorker.run(TestMethodWorker.java:128)
at java.util.ArrayList.forEach(ArrayList.java:1257)
at org.testng.TestRunner.privateRun(TestRunner.java:766)
at org.testng.TestRunner.run(TestRunner.java:587)
at org.testng.SuiteRunner.runTest(SuiteRunner.java:384)
at org.testng.SuiteRunner.runSequentially(SuiteRunner.java:378)
at org.testng.SuiteRunner.privateRun(SuiteRunner.java:337)
at org.testng.SuiteRunner.run(SuiteRunner.java:286)
at org.testng.SuiteRunnerWorker.runSuite(SuiteRunnerWorker.java:53)
at org.testng.SuiteRunnerWorker.run(SuiteRunnerWorker.java:96)
at org.testng.TestNG.runSuitesSequentially(TestNG.java:1187)
at org.testng.TestNG.runSuitesLocally(TestNG.java:1109)
at org.testng.TestNG.runSuites(TestNG.java:1039)
at org.testng.TestNG.run(TestNG.java:1007)
at org.testng.remote.AbstractRemoteTestNG.run(AbstractRemoteTestNG.java:115)
at org.testng.remote.RemoteTestNG.initAndRun(RemoteTestNG.java:251)
at org.testng.remote.RemoteTestNG.main(RemoteTestNG.java:77)
]]>
            </full-stacktrace>
          </exception> <!-- java.lang.AssertionError -->
          <reporter-output>
          </reporter-output>
        </test-method> <!-- orangeHRMLogoTest -->
        <test-method status="PASS" signature="result(org.testng.ITestResult)[pri:0, instance:extent.ExtentReportDemo@4232c52b]" name="result" is-config="true" duration-ms="871" started-at="2023-02-14T19:26:03 IST" finished-at="2023-02-14T19:26:04 IST">
          <params>
            <param index="0">
              <value>
                <![CDATA[[TestResult name=orangeHRMLogoTest status=FAILURE method=ExtentReportDemo.orangeHRMLogoTest()[pri:0, instance:extent.ExtentReportDemo@4232c52b] output={null}]]]>
              </value>
            </param>
          </params>
          <reporter-output>
          </reporter-output>
        </test-method> <!-- result -->
        <test-method status="PASS" signature="setup()[pri:0, instance:extent.ExtentReportDemo@4232c52b]" name="setup" is-config="true" duration-ms="9101" started-at="2023-02-14T19:26:04 IST" finished-at="2023-02-14T19:26:13 IST">
          <reporter-output>
          </reporter-output>
        </test-method> <!-- setup -->
        <test-method status="PASS" signature="orangeHRMTitleTest()[pri:0, instance:extent.ExtentReportDemo@4232c52b]" name="orangeHRMTitleTest" duration-ms="8" started-at="2023-02-14T19:26:13 IST" finished-at="2023-02-14T19:26:13 IST">
          <reporter-output>
          </reporter-output>
        </test-method> <!-- orangeHRMTitleTest -->
        <test-method status="PASS" signature="result(org.testng.ITestResult)[pri:0, instance:extent.ExtentReportDemo@4232c52b]" name="result" is-config="true" duration-ms="684" started-at="2023-02-14T19:26:13 IST" finished-at="2023-02-14T19:26:14 IST">
          <params>
            <param index="0">
              <value>
                <![CDATA[[TestResult name=orangeHRMTitleTest status=SUCCESS method=ExtentReportDemo.orangeHRMTitleTest()[pri:0, instance:extent.ExtentReportDemo@4232c52b] output={null}]]]>
              </value>
            </param>
          </params>
          <reporter-output>
          </reporter-output>
        </test-method> <!-- result -->
        <test-method status="PASS" signature="endReport()[pri:0, instance:extent.ExtentReportDemo@4232c52b]" name="endReport" is-config="true" duration-ms="265" started-at="2023-02-14T19:26:14 IST" finished-at="2023-02-14T19:26:14 IST">
          <reporter-output>
          </reporter-output>
        </test-method> <!-- endReport -->
      </class> <!-- extent.ExtentReportDemo -->
    </test> <!-- Default test -->
  </suite> <!-- Default suite -->
</testng-results>
